<?xml version="1.0" encoding="UTF-8"?>
<!-- Generated by org.testng.reporters.JUnitReportReporter -->
<testsuite hostname="DESKTOP-HIREAD8" failures="0" tests="1" name="com.todos.tests.RemoveToDoTest" time="11.287" errors="0" timestamp="2023-05-11T01:01:26 GMT+01:00" skipped="0">
  <testcase classname="com.todos.tests.RemoveToDoTest" name="iRemoveToDo" time="11.287"/>
  <system-out/>
</testsuite> <!-- com.todos.tests.RemoveToDoTest -->
