<?xml version="1.0" encoding="UTF-8"?>
<!-- Generated by org.testng.reporters.JUnitReportReporter -->
<testsuite hostname="DESKTOP-HIREAD8" failures="0" tests="1" name="com.todos.tests.AddToDoTest" time="10.425" errors="0" timestamp="2023-04-12T00:08:16 GMT+01:00" skipped="0">
  <testcase classname="com.todos.tests.AddToDoTest" name="todoInputOperation" time="10.425"/>
  <system-out/>
</testsuite> <!-- com.todos.tests.AddToDoTest -->
