<?xml version="1.0" encoding="UTF-8"?>
<!-- Generated by org.testng.reporters.JUnitReportReporter -->
<testsuite hostname="DESKTOP-HIREAD8" failures="0" tests="1" name="com.todos.utils.Setup" time="8.533" errors="0" timestamp="2023-03-31T04:12:30 GMT+01:00" skipped="0">
  <testcase classname="com.todos.utils.Setup" name="todoInputOperation" time="8.533"/>
  <system-out/>
</testsuite> <!-- com.todos.utils.Setup -->
